[28/02/2024 06:45:10](INFO):Key Pressed: Down
[28/02/2024 06:45:10](INFO):Key Pressed: Down
[28/02/2024 06:45:10](INFO):Key Pressed: Down
[28/02/2024 06:45:10](INFO):Key Pressed: Down
[28/02/2024 06:45:10](INFO):Key Pressed: Down
[28/02/2024 06:45:10](INFO):Key Pressed: Down
[28/02/2024 06:45:10](INFO):Key Pressed: Down
[28/02/2024 06:45:10](INFO):Key Pressed: Down
[28/02/2024 06:45:10](INFO):Key Pressed: Down
[28/02/2024 06:45:10](INFO):Key Pressed: Down
[28/02/2024 06:45:10](INFO):Key Pressed: Down
[28/02/2024 06:45:11](INFO):Key Pressed: Right
[28/02/2024 06:45:11](INFO):Key Pressed: Right
[28/02/2024 06:45:11](INFO):Key Pressed: Right
[28/02/2024 06:45:11](INFO):Key Pressed: Right
[28/02/2024 06:45:11](INFO):Key Pressed: Right
[28/02/2024 06:45:11](INFO):Key Pressed: Right
[28/02/2024 06:45:11](INFO):Key Pressed: Right
[28/02/2024 06:45:11](INFO):Key Pressed: Right
[28/02/2024 06:45:11](INFO):Key Pressed: Right
[28/02/2024 06:45:11](INFO):Key Pressed: Right
[28/02/2024 06:45:11](INFO):Key Pressed: Right
[28/02/2024 06:45:11](INFO):Key Pressed: Right
[28/02/2024 06:45:12](INFO):Key Pressed: Char('ş')
[28/02/2024 06:45:13](INFO):Key Pressed: Char('i')
[28/02/2024 06:45:13](INFO):Key Pressed: Char('h')
[28/02/2024 06:45:13](INFO):Key Pressed: Char('a')
[28/02/2024 06:45:13](INFO):Key Pressed: Char('k')
[28/02/2024 06:45:13](INFO):Key Pressed: Char('a')
[28/02/2024 06:45:13](INFO):Key Pressed: Char('n')
[28/02/2024 06:45:13](INFO):Key Pressed: Char(' ')
[28/02/2024 06:45:14](INFO):Key Pressed: Char('v')
[28/02/2024 06:45:14](INFO):Key Pressed: Char('a')
[28/02/2024 06:45:14](INFO):Key Pressed: Char('r')
[28/02/2024 06:45:14](INFO):Key Pressed: Char('d')
[28/02/2024 06:45:14](INFO):Key Pressed: Char('a')
[28/02/2024 06:45:14](INFO):Key Pressed: Char('r')
[28/02/2024 06:45:14](INFO):Key Pressed: Backspace
[28/02/2024 06:45:14](INFO):Key Pressed: Backspace
[28/02/2024 06:45:15](INFO):Key Pressed: Backspace
[28/02/2024 06:45:15](INFO):Key Pressed: Backspace
[28/02/2024 06:45:15](INFO):Key Pressed: Backspace
[28/02/2024 06:45:15](INFO):Key Pressed: Backspace
[28/02/2024 06:45:15](INFO):Key Pressed: Backspace
[28/02/2024 06:45:15](INFO):Key Pressed: Backspace
[28/02/2024 06:45:15](INFO):Key Pressed: Backspace
[28/02/2024 06:45:15](INFO):Key Pressed: Backspace
[28/02/2024 06:45:15](INFO):Key Pressed: Backspace
[28/02/2024 06:45:15](INFO):Key Pressed: Backspace
[28/02/2024 06:45:15](INFO):Key Pressed: Backspace
[28/02/2024 06:45:15](INFO):Key Pressed: Esc
[28/02/2024 06:45:16](INFO):Key Pressed: Char('j')
[28/02/2024 06:45:16](INFO):Key Pressed: Char('j')
[28/02/2024 06:45:17](INFO):Key Pressed: Char('j')
[28/02/2024 06:45:17](INFO):Key Pressed: Char('j')
[28/02/2024 06:45:17](INFO):Key Pressed: Char('j')
[28/02/2024 06:45:17](INFO):Key Pressed: Char('j')
[28/02/2024 06:45:17](INFO):Key Pressed: Char('j')
[28/02/2024 06:45:17](INFO):Key Pressed: Char('j')
[28/02/2024 06:45:17](INFO):Key Pressed: Char('j')
[28/02/2024 06:45:17](INFO):Key Pressed: Char('j')
[28/02/2024 06:45:17](INFO):Key Pressed: Char('j')
[28/02/2024 06:45:17](INFO):Key Pressed: Char('l')
[28/02/2024 06:45:17](INFO):Key Pressed: Char('l')
[28/02/2024 06:45:17](INFO):Key Pressed: Char('l')
[28/02/2024 06:45:17](INFO):Key Pressed: Char('l')
[28/02/2024 06:45:17](INFO):Key Pressed: Char('l')
[28/02/2024 06:45:17](INFO):Key Pressed: Char('l')
[28/02/2024 06:45:17](INFO):Key Pressed: Char('l')
[28/02/2024 06:45:17](INFO):Key Pressed: Char('l')
[28/02/2024 06:45:17](INFO):Key Pressed: Char('l')
[28/02/2024 06:45:17](INFO):Key Pressed: Char('l')
[28/02/2024 06:45:17](INFO):Key Pressed: Char('l')
[28/02/2024 06:45:18](INFO):Key Pressed: Char('l')
[28/02/2024 06:45:18](INFO):Key Pressed: Char('l')
[28/02/2024 06:45:18](INFO):Key Pressed: Char('l')
[28/02/2024 06:45:18](INFO):Key Pressed: Char('l')
[28/02/2024 06:45:18](INFO):Key Pressed: Char('l')
[28/02/2024 06:45:18](INFO):Key Pressed: Char('l')
[28/02/2024 06:45:18](INFO):Key Pressed: Char('k')
[28/02/2024 06:45:18](INFO):Key Pressed: Char('h')
[28/02/2024 06:45:18](INFO):Key Pressed: Char('h')
[28/02/2024 06:45:18](INFO):Key Pressed: Char('h')
[28/02/2024 06:45:18](INFO):Key Pressed: Char('h')
[28/02/2024 06:45:18](INFO):Key Pressed: Char('h')
[28/02/2024 06:45:18](INFO):Key Pressed: Char('h')
[28/02/2024 06:45:18](INFO):Key Pressed: Char('h')
[28/02/2024 06:45:18](INFO):Key Pressed: Char('h')
[28/02/2024 06:45:18](INFO):Key Pressed: Char('h')
[28/02/2024 06:45:18](INFO):Key Pressed: Char('h')
[28/02/2024 06:45:18](INFO):Key Pressed: Char('h')
[28/02/2024 06:45:18](INFO):Key Pressed: Char('h')
[28/02/2024 06:45:19](INFO):Key Pressed: Char('j')
[28/02/2024 06:45:19](INFO):Key Pressed: Char('j')
[28/02/2024 06:45:19](INFO):Key Pressed: Char('j')
[28/02/2024 06:45:19](INFO):Key Pressed: Char('j')
[28/02/2024 06:45:19](INFO):Key Pressed: Char('j')
[28/02/2024 06:45:19](INFO):Key Pressed: Char('j')
[28/02/2024 06:45:19](INFO):Key Pressed: Char('j')
[28/02/2024 06:45:19](INFO):Key Pressed: Char('j')
[28/02/2024 06:45:19](INFO):Key Pressed: Char('j')
[28/02/2024 06:45:19](INFO):Key Pressed: Char('k')
[28/02/2024 06:45:20](INFO):Key Pressed: Char('k')
[28/02/2024 06:45:20](INFO):Key Pressed: Char('k')
[28/02/2024 06:45:20](INFO):Key Pressed: Char('k')
[28/02/2024 06:45:20](INFO):Key Pressed: Char('k')
[28/02/2024 06:45:20](INFO):Key Pressed: Char('k')
[28/02/2024 06:45:20](INFO):Key Pressed: Char('k')
[28/02/2024 06:45:20](INFO):Key Pressed: Char('k')
[28/02/2024 06:45:20](INFO):Key Pressed: Char('k')
[28/02/2024 06:45:20](INFO):Key Pressed: Char('k')
[28/02/2024 06:45:20](INFO):Key Pressed: Char('k')
[28/02/2024 06:45:20](INFO):Key Pressed: Char('k')
[28/02/2024 06:45:20](INFO):Key Pressed: Char('k')
[28/02/2024 06:45:20](INFO):Key Pressed: Char('l')
[28/02/2024 06:45:20](INFO):Key Pressed: Char('l')
[28/02/2024 06:45:20](INFO):Key Pressed: Char('l')
[28/02/2024 06:45:20](INFO):Key Pressed: Char('l')
[28/02/2024 06:45:20](INFO):Key Pressed: Char('l')
[28/02/2024 06:45:20](INFO):Key Pressed: Char('l')
[28/02/2024 06:45:20](INFO):Key Pressed: Char('l')
[28/02/2024 06:45:20](INFO):Key Pressed: Char('l')
[28/02/2024 06:45:20](INFO):Key Pressed: Char('l')
[28/02/2024 06:45:21](INFO):Key Pressed: Char('l')
[28/02/2024 06:45:21](INFO):Key Pressed: Char('l')
[28/02/2024 06:45:21](INFO):Key Pressed: Char('l')
[28/02/2024 06:45:21](INFO):Key Pressed: Char('l')
[28/02/2024 06:45:21](INFO):Key Pressed: Char('l')
[28/02/2024 06:45:21](INFO):Key Pressed: Char('h')
[28/02/2024 06:45:21](INFO):Key Pressed: Char('j')
[28/02/2024 06:45:21](INFO):Key Pressed: Char('k')
[28/02/2024 06:45:21](INFO):Key Pressed: Char('k')
[28/02/2024 06:45:21](INFO):Key Pressed: Char('k')
[28/02/2024 06:45:21](INFO):Key Pressed: Char('k')
[28/02/2024 06:45:21](INFO):Key Pressed: Char('k')
[28/02/2024 06:45:21](INFO):Key Pressed: Char('k')
[28/02/2024 06:45:21](INFO):Key Pressed: Char('k')
[28/02/2024 06:45:21](INFO):Key Pressed: Char('k')
[28/02/2024 06:45:21](INFO):Key Pressed: Char('k')
[28/02/2024 06:45:21](INFO):Key Pressed: Char('k')
[28/02/2024 06:45:22](INFO):Key Pressed: Char('k')
[28/02/2024 06:45:22](INFO):Key Pressed: Char('k')
[28/02/2024 06:45:22](INFO):Key Pressed: Char('i')
[28/02/2024 06:45:23](INFO):Key Pressed: Char('h')
[28/02/2024 06:45:23](INFO):Key Pressed: Char('a')
[28/02/2024 06:45:23](INFO):Key Pressed: Char('k')
[28/02/2024 06:45:23](INFO):Key Pressed: Char('a')
[28/02/2024 06:45:23](INFO):Key Pressed: Char('n')
[28/02/2024 06:45:23](INFO):Key Pressed: Char(' ')
[28/02/2024 06:45:23](INFO):Key Pressed: Char('v')
[28/02/2024 06:45:23](INFO):Key Pressed: Char('a')
[28/02/2024 06:45:24](INFO):Key Pressed: Char('r')
[28/02/2024 06:45:24](INFO):Key Pressed: Esc
[28/02/2024 06:45:24](INFO):Key Pressed: Char('h')
[28/02/2024 06:45:24](INFO):Key Pressed: Char('h')
[28/02/2024 06:45:24](INFO):Key Pressed: Char('h')
[28/02/2024 06:45:24](INFO):Key Pressed: Char('h')
[28/02/2024 06:45:25](INFO):Key Pressed: Char('h')
[28/02/2024 06:45:25](INFO):Key Pressed: Char('h')
[28/02/2024 06:45:25](INFO):Key Pressed: Char('h')
[28/02/2024 06:45:25](INFO):Key Pressed: Char('h')
[28/02/2024 06:45:25](INFO):Key Pressed: Char('h')
[28/02/2024 06:45:25](INFO):Key Pressed: Char('h')
[28/02/2024 06:45:25](INFO):Key Pressed: Char('i')
[28/02/2024 06:45:26](INFO):Key Pressed: Right
[28/02/2024 06:45:26](INFO):Key Pressed: Right
[28/02/2024 06:45:27](INFO):Key Pressed: Right
[28/02/2024 06:45:27](INFO):Key Pressed: Right
[28/02/2024 06:45:27](INFO):Key Pressed: Right
[28/02/2024 06:45:27](INFO):Key Pressed: Right
[28/02/2024 06:45:27](INFO):Key Pressed: Right
[28/02/2024 06:45:27](INFO):Key Pressed: Right
[28/02/2024 06:45:27](INFO):Key Pressed: Right
[28/02/2024 06:45:27](INFO):Key Pressed: Right
[28/02/2024 06:45:27](INFO):Key Pressed: Backspace
[28/02/2024 06:45:27](INFO):Key Pressed: Backspace
[28/02/2024 06:45:27](INFO):Key Pressed: Backspace
[28/02/2024 06:45:27](INFO):Key Pressed: Backspace
[28/02/2024 06:45:27](INFO):Key Pressed: Backspace
[28/02/2024 06:45:27](INFO):Key Pressed: Backspace
[28/02/2024 06:45:28](INFO):Key Pressed: Backspace
[28/02/2024 06:45:28](INFO):Key Pressed: Backspace
[28/02/2024 06:45:28](INFO):Key Pressed: Backspace
[28/02/2024 06:45:28](INFO):Key Pressed: Backspace
[28/02/2024 06:45:28](INFO):Key Pressed: Esc
[28/02/2024 06:45:29](INFO):Key Pressed: Char(':')
[28/02/2024 06:45:29](INFO):Key Pressed: Char('q')
